<?xml version="1.0" encoding="UTF-8"?>
<testsuite xmlns:xsi="http://www.w3.org/2001/XMLSchema-instance" xsi:noNamespaceSchemaLocation="https://maven.apache.org/surefire/maven-surefire-plugin/xsd/surefire-test-report.xsd" name="com.concretepage.SqlMergeModeTest" time="3.371" tests="2" errors="0" skipped="0" failures="0">
  <properties>
[...]
</properties>
  <testcase name="fetchRows1" classname="com.concretepage.SqlMergeModeTest" time="1.46"/>
  <testcase name="fetchRows2" classname="com.concretepage.SqlMergeModeTest" time="1.041"/>
</testsuite>